[INFO] Scanning for projects...
[INFO] 
[INFO] ----------------------< com.example:ems-backend >-----------------------
[INFO] Building Employee Management System (Backend) 0.1.0
[INFO]   from pom.xml
[INFO] --------------------------------[ jar ]---------------------------------
[INFO] 
[INFO] --- clean:3.5.0:clean (default-clean) @ ems-backend ---
[INFO] Deleting C:\Users\banan\OneDrive\Desktop\tt project\ems-backend\target
[INFO] 
[INFO] --- resources:3.3.1:resources (default-resources) @ ems-backend ---
[INFO] Copying 1 resource from src\main\resources to target\classes
[INFO] Copying 0 resource from src\main\resources to target\classes
[INFO] 
[INFO] --- compiler:3.14.1:compile (default-compile) @ ems-backend ---
[INFO] Recompiling the module because of changed source code.
[INFO] Compiling 69 source files with javac [debug parameters release 17] to target\classes
[INFO] -------------------------------------------------------------
[ERROR] COMPILATION ERROR : 
[INFO] -------------------------------------------------------------
[ERROR] /C:/Users/banan/OneDrive/Desktop/tt project/ems-backend/src/main/java/com/example/ems/auth/AuthController.java:[39,9] cannot find symbol
  symbol: variable attendanceService
[ERROR] /C:/Users/banan/OneDrive/Desktop/tt project/ems-backend/src/main/java/com/example/ems/auth/AuthController.java:[58,9] cannot find symbol
  symbol:   variable attendanceService
  location: class com.example.ems.auth.AuthController
[ERROR] /C:/Users/banan/OneDrive/Desktop/tt project/ems-backend/src/main/java/com/example/ems/auth/AuthController.java:[76,13] cannot find symbol
  symbol:   variable attendanceService
  location: class com.example.ems.auth.AuthController
[INFO] 3 errors 
[INFO] -------------------------------------------------------------
[INFO] ------------------------------------------------------------------------
[INFO] BUILD FAILURE
[INFO] ------------------------------------------------------------------------
[INFO] Total time:  6.246 s
[INFO] Finished at: 2026-04-01T22:24:39+05:30
[INFO] ------------------------------------------------------------------------
[ERROR] Failed to execute goal org.apache.maven.plugins:maven-compiler-plugin:3.14.1:compile (default-compile) on project ems-backend: Compilation failure: Compilation failure: 
[ERROR] /C:/Users/banan/OneDrive/Desktop/tt project/ems-backend/src/main/java/com/example/ems/auth/AuthController.java:[39,9] cannot find symbol
[ERROR]   symbol: variable attendanceService
[ERROR] /C:/Users/banan/OneDrive/Desktop/tt project/ems-backend/src/main/java/com/example/ems/auth/AuthController.java:[58,9] cannot find symbol
[ERROR]   symbol:   variable attendanceService
[ERROR]   location: class com.example.ems.auth.AuthController
[ERROR] /C:/Users/banan/OneDrive/Desktop/tt project/ems-backend/src/main/java/com/example/ems/auth/AuthController.java:[76,13] cannot find symbol
[ERROR]   symbol:   variable attendanceService
[ERROR]   location: class com.example.ems.auth.AuthController
[ERROR] -> [Help 1]
[ERROR] 
[ERROR] To see the full stack trace of the errors, re-run Maven with the -e switch.
[ERROR] Re-run Maven using the -X switch to enable full debug logging.
[ERROR] 
[ERROR] For more information about the errors and possible solutions, please read the following articles:
[ERROR] [Help 1] http://cwiki.apache.org/confluence/display/MAVEN/MojoFailureException
